<?xml version="1.0" encoding="UTF-8"?>
<!-- Generated by org.testng.reporters.JUnitReportReporter -->
<testsuite hostname="LAPTOP-9O653G54" name="test_DEVOPS.test.App" tests="1" failures="0" timestamp="30 Jul 2019 19:57:31 GMT" time="23.623" errors="0">
  <testcase name="test" time="23.623" classname="test_DEVOPS.test.App"/>
</testsuite> <!-- test_DEVOPS.test.App -->
